2026-02-04 19:04:17,594 - database_functions.py - config.logger - INFO - Начало обработки 3 заданий
2026-02-04 19:04:17,595 - database_functions.py - config.logger - INFO - Обработка задания 1/3: Что такое Python?
2026-02-04 19:04:17,596 - database_functions.py - config.logger - INFO - Создан пользователь #1: Аноним _ 1
2026-02-04 19:04:17,596 - database_functions.py - config.logger - INFO - Добавлен новый пользователь: 123
2026-02-04 19:04:17,597 - database_functions.py - config.logger - INFO - Добавлено задание 1 для теста #1
2026-02-04 19:04:17,597 - database_functions.py - config.logger - INFO - Обработка задания 2/3: Какие типы данных существуют в Python?
2026-02-04 19:04:22,832 - database_functions.py - config.logger - ERROR - Ошибка создания пользователя: database is locked
2026-02-04 19:04:22,833 - database_functions.py - config.logger - INFO - Добавлен новый пользователь: 123
2026-02-04 19:04:22,833 - database_functions.py - config.logger - INFO - Добавлено задание 2 для теста #1
2026-02-04 19:04:22,833 - database_functions.py - config.logger - INFO - Обработка задания 3/3: Напишите пример простого скрипта на Python, выводящего приветствие.
2026-02-04 19:04:28,053 - database_functions.py - config.logger - ERROR - Ошибка создания пользователя: database is locked
2026-02-04 19:04:28,054 - database_functions.py - config.logger - INFO - Добавлен новый пользователь: 123
2026-02-04 19:04:28,054 - database_functions.py - config.logger - INFO - Добавлено задание 3 для теста #1
2026-02-04 19:04:28,055 - database_functions.py - config.logger - INFO - Тест #1 успешно сохранен в БД (3 вопросов)
2026-02-05 11:07:04,391 - database_functions.py - config.logger - INFO - Начало обработки 3 заданий
2026-02-05 11:07:04,394 - database_functions.py - config.logger - INFO - Создан пользователь #1: Аноним _ 1
2026-02-05 11:07:04,394 - database_functions.py - config.logger - INFO - Добавлен новый пользователь: 1
2026-02-05 11:07:04,394 - database_functions.py - config.logger - INFO - Обработка задания 1/3: Что такое Python?
2026-02-05 11:07:04,395 - database_functions.py - config.logger - INFO - Добавлено задание 1 для теста #1
2026-02-05 11:07:04,395 - database_functions.py - config.logger - INFO - Обработка задания 2/3: Какой оператор используется для проверки принадлежности элемента к множеству в Python?
2026-02-05 11:07:04,395 - database_functions.py - config.logger - INFO - Добавлено задание 2 для теста #1
2026-02-05 11:07:04,395 - database_functions.py - config.logger - INFO - Обработка задания 3/3: Напишите пример простого цикла for в Python.
2026-02-05 11:07:04,395 - database_functions.py - config.logger - INFO - Добавлено задание 3 для теста #1
2026-02-05 11:07:04,395 - database_functions.py - config.logger - INFO - Тест #1 успешно сохранен в БД (3 вопросов)
2026-02-05 11:07:06,563 - database_functions.py - config.logger - INFO - Начало проверки заданий для теста #1
2026-02-05 11:07:06,564 - database_functions.py - config.logger - INFO - Проверка задания 1/3: Что такое Python?
2026-02-05 11:07:06,564 - database_functions.py - config.logger - ERROR - Ошибка проверки заданий: 'NoneType' object is not subscriptable
2026-02-05 11:11:01,118 - database_functions.py - config.logger - INFO - Начало обработки 4 заданий
2026-02-05 11:11:01,122 - database_functions.py - config.logger - INFO - Создан пользователь #2: Аноним _ 2
2026-02-05 11:11:01,122 - database_functions.py - config.logger - INFO - Добавлен новый пользователь: 2
2026-02-05 11:11:01,122 - database_functions.py - config.logger - INFO - Обработка задания 1/4: Что такое Python?
2026-02-05 11:11:01,122 - database_functions.py - config.logger - INFO - Добавлено задание 1 для теста #2
2026-02-05 11:11:01,122 - database_functions.py - config.logger - INFO - Обработка задания 2/4: Какой оператор используется для вывода значения переменной в Python?
2026-02-05 11:11:01,122 - database_functions.py - config.logger - INFO - Добавлено задание 2 для теста #2
2026-02-05 11:11:01,123 - database_functions.py - config.logger - INFO - Обработка задания 3/4: Укажите условие цикла while в Python:
2026-02-05 11:11:01,123 - database_functions.py - config.logger - INFO - Добавлено задание 3 для теста #2
2026-02-05 11:11:01,123 - database_functions.py - config.logger - INFO - Обработка задания 4/4: Опишите назначение функции def в Python.
2026-02-05 11:11:01,123 - database_functions.py - config.logger - INFO - Добавлено задание 4 для теста #2
2026-02-05 11:11:01,123 - database_functions.py - config.logger - INFO - Тест #2 успешно сохранен в БД (4 вопросов)
2026-02-05 11:11:04,220 - database_functions.py - config.logger - INFO - Начало проверки заданий для теста #2
2026-02-05 11:11:04,220 - database_functions.py - config.logger - INFO - Проверка задания 1/4: Что такое Python?
2026-02-05 11:11:04,221 - database_functions.py - config.logger - ERROR - Ошибка проверки заданий: 'NoneType' object is not subscriptable
2026-02-05 11:12:24,317 - database_functions.py - config.logger - INFO - Начало обработки 3 заданий
2026-02-05 11:12:24,322 - database_functions.py - config.logger - INFO - Создан пользователь #3: Аноним _ 3
2026-02-05 11:12:24,322 - database_functions.py - config.logger - INFO - Добавлен новый пользователь: 3
2026-02-05 11:12:24,322 - database_functions.py - config.logger - INFO - Обработка задания 1/3: Что такое Python?
2026-02-05 11:12:24,323 - database_functions.py - config.logger - INFO - Добавлено задание 1 для теста #3
2026-02-05 11:12:24,323 - database_functions.py - config.logger - INFO - Обработка задания 2/3: Какие типы данных существуют в Python?
2026-02-05 11:12:24,323 - database_functions.py - config.logger - INFO - Добавлено задание 2 для теста #3
2026-02-05 11:12:24,323 - database_functions.py - config.logger - INFO - Обработка задания 3/3: Напишите пример простого выражения на Python.
2026-02-05 11:12:24,323 - database_functions.py - config.logger - INFO - Добавлено задание 3 для теста #3
2026-02-05 11:12:24,324 - database_functions.py - config.logger - INFO - Тест #3 успешно сохранен в БД (3 вопросов)
2026-02-05 11:12:26,380 - database_functions.py - config.logger - INFO - Начало проверки заданий для теста #3
2026-02-05 11:12:26,381 - database_functions.py - config.logger - INFO - Проверка задания 1/3: Что такое Python?
2026-02-05 11:12:26,381 - database_functions.py - config.logger - ERROR - Ошибка проверки заданий: 'NoneType' object is not subscriptable
2026-02-05 11:14:22,125 - database_functions.py - config.logger - INFO - Начало обработки 4 заданий
2026-02-05 11:14:22,130 - database_functions.py - config.logger - INFO - Создан пользователь #4: Аноним _ 4
2026-02-05 11:14:22,131 - database_functions.py - config.logger - INFO - Добавлен новый пользователь: 4
2026-02-05 11:14:22,131 - database_functions.py - config.logger - INFO - Обработка задания 1/4: Что такое Python?
2026-02-05 11:14:22,131 - database_functions.py - config.logger - INFO - Добавлено задание 1 для теста #4
2026-02-05 11:14:22,131 - database_functions.py - config.logger - INFO - Обработка задания 2/4: Какие типы данных существуют в Python?
2026-02-05 11:14:22,131 - database_functions.py - config.logger - INFO - Добавлено задание 2 для теста #4
2026-02-05 11:14:22,131 - database_functions.py - config.logger - INFO - Обработка задания 3/4: Какой оператор используется для условных операторов в Python?
2026-02-05 11:14:22,131 - database_functions.py - config.logger - INFO - Добавлено задание 3 для теста #4
2026-02-05 11:14:22,131 - database_functions.py - config.logger - INFO - Обработка задания 4/4: Какие циклы используются в Python?
2026-02-05 11:14:22,131 - database_functions.py - config.logger - INFO - Добавлено задание 4 для теста #4
2026-02-05 11:14:22,132 - database_functions.py - config.logger - INFO - Тест #4 успешно сохранен в БД (4 вопросов)
2026-02-05 11:14:24,763 - database_functions.py - config.logger - INFO - Начало проверки заданий для теста #4
2026-02-05 11:14:24,764 - database_functions.py - config.logger - INFO - Проверка задания 1/4: Что такое Python?
2026-02-05 11:14:24,764 - database_functions.py - config.logger - ERROR - Вопрос не найден в БД! user_id=123, test_id=4
2026-02-05 11:14:24,764 - database_functions.py - config.logger - INFO - Задание 1/4 успешно проверено
2026-02-05 11:14:24,764 - database_functions.py - config.logger - INFO - Проверка задания 2/4: Какие типы данных существуют в Python?
2026-02-05 11:14:24,764 - database_functions.py - config.logger - ERROR - Вопрос не найден в БД! user_id=123, test_id=4
2026-02-05 11:14:24,764 - database_functions.py - config.logger - INFO - Задание 2/4 успешно проверено
2026-02-05 11:14:24,764 - database_functions.py - config.logger - INFO - Проверка задания 3/4: Какой оператор используется для условных операторов в Python?
2026-02-05 11:14:24,764 - database_functions.py - config.logger - ERROR - Вопрос не найден в БД! user_id=123, test_id=4
2026-02-05 11:14:24,764 - database_functions.py - config.logger - INFO - Задание 3/4 успешно проверено
2026-02-05 11:14:24,764 - database_functions.py - config.logger - INFO - Проверка задания 4/4: Какие циклы используются в Python?
2026-02-05 11:14:24,764 - database_functions.py - config.logger - ERROR - Вопрос не найден в БД! user_id=123, test_id=4
2026-02-05 11:14:24,765 - database_functions.py - config.logger - INFO - Задание 4/4 успешно проверено
2026-02-05 11:14:24,765 - database_functions.py - config.logger - INFO - Тест #4 успешно проверен
2026-02-05 11:18:20,826 - database_functions.py - config.logger - INFO - Начало обработки 3 заданий
2026-02-05 11:18:20,830 - database_functions.py - config.logger - INFO - Создан пользователь #5: Аноним _ 5
2026-02-05 11:18:20,830 - database_functions.py - config.logger - INFO - Добавлен новый пользователь: 5
2026-02-05 11:18:20,830 - database_functions.py - config.logger - INFO - Обработка задания 1/3: Что такое Python?
2026-02-05 11:18:20,831 - database_functions.py - config.logger - INFO - Добавлено задание 1 для теста #5
2026-02-05 11:18:20,831 - database_functions.py - config.logger - INFO - Обработка задания 2/3: Какие типы данных существуют в Python?
2026-02-05 11:18:20,831 - database_functions.py - config.logger - INFO - Добавлено задание 2 для теста #5
2026-02-05 11:18:20,831 - database_functions.py - config.logger - INFO - Обработка задания 3/3: Приведите пример простого выражения на Python.
2026-02-05 11:18:20,831 - database_functions.py - config.logger - INFO - Добавлено задание 3 для теста #5
2026-02-05 11:18:20,831 - database_functions.py - config.logger - INFO - Тест #5 успешно сохранен в БД (3 вопросов)
2026-02-05 11:18:23,229 - database_functions.py - config.logger - INFO - Начало проверки заданий для теста #5
2026-02-05 11:18:23,229 - database_functions.py - config.logger - INFO - Проверка задания 1/3: Что такое Python?
2026-02-05 11:18:23,229 - database_functions.py - config.logger - ERROR - Вопрос не найден в БД! user_id=123, test_id=5
2026-02-05 11:18:23,229 - database_functions.py - config.logger - INFO - Задание 1/3 успешно проверено
2026-02-05 11:18:23,230 - database_functions.py - config.logger - INFO - Проверка задания 2/3: Какие типы данных существуют в Python?
2026-02-05 11:18:23,230 - database_functions.py - config.logger - ERROR - Вопрос не найден в БД! user_id=123, test_id=5
2026-02-05 11:18:23,230 - database_functions.py - config.logger - INFO - Задание 2/3 успешно проверено
2026-02-05 11:18:23,230 - database_functions.py - config.logger - INFO - Проверка задания 3/3: Приведите пример простого выражения на Python.
2026-02-05 11:18:23,230 - database_functions.py - config.logger - ERROR - Вопрос не найден в БД! user_id=123, test_id=5
2026-02-05 11:18:23,230 - database_functions.py - config.logger - INFO - Задание 3/3 успешно проверено
2026-02-05 11:18:23,230 - database_functions.py - config.logger - INFO - Тест #5 успешно проверен
2026-02-05 11:19:16,082 - database_functions.py - config.logger - INFO - Начало обработки 4 заданий
2026-02-05 11:19:16,089 - database_functions.py - config.logger - INFO - Создан пользователь #6: Аноним _ 6
2026-02-05 11:19:16,089 - database_functions.py - config.logger - INFO - Добавлен новый пользователь: 6
2026-02-05 11:19:16,089 - database_functions.py - config.logger - INFO - Обработка задания 1/4: Что такое Python?
2026-02-05 11:19:16,089 - database_functions.py - config.logger - INFO - Добавлено задание 1 для теста #6
2026-02-05 11:19:16,089 - database_functions.py - config.logger - INFO - Обработка задания 2/4: Какие типы данных существуют в Python?
2026-02-05 11:19:16,090 - database_functions.py - config.logger - INFO - Добавлено задание 2 для теста #6
2026-02-05 11:19:16,090 - database_functions.py - config.logger - INFO - Обработка задания 3/4: Какой оператор используется для условных операторов в Python?
2026-02-05 11:19:16,090 - database_functions.py - config.logger - INFO - Добавлено задание 3 для теста #6
2026-02-05 11:19:16,090 - database_functions.py - config.logger - INFO - Обработка задания 4/4: Какие циклы используются в Python?
2026-02-05 11:19:16,090 - database_functions.py - config.logger - INFO - Добавлено задание 4 для теста #6
2026-02-05 11:19:16,091 - database_functions.py - config.logger - INFO - Тест #6 успешно сохранен в БД (4 вопросов)
2026-02-05 11:19:18,833 - database_functions.py - config.logger - INFO - Начало проверки заданий для теста #6
2026-02-05 11:19:18,833 - database_functions.py - config.logger - INFO - Проверка задания 1/4: Что такое Python?
2026-02-05 11:19:18,833 - database_functions.py - config.logger - INFO - Типы: user_id=<class 'int'>, test_id=<class 'int'>, question=<class 'str'>
2026-02-05 11:19:18,834 - database_functions.py - config.logger - ERROR - Вопрос не найден в БД! user_id=123, test_id=6
2026-02-05 11:19:18,834 - database_functions.py - config.logger - INFO - Задание 1/4 успешно проверено
2026-02-05 11:19:18,834 - database_functions.py - config.logger - INFO - Проверка задания 2/4: Какие типы данных существуют в Python?
2026-02-05 11:19:18,834 - database_functions.py - config.logger - INFO - Типы: user_id=<class 'int'>, test_id=<class 'int'>, question=<class 'str'>
2026-02-05 11:19:18,834 - database_functions.py - config.logger - ERROR - Вопрос не найден в БД! user_id=123, test_id=6
2026-02-05 11:19:18,835 - database_functions.py - config.logger - INFO - Задание 2/4 успешно проверено
2026-02-05 11:19:18,835 - database_functions.py - config.logger - INFO - Проверка задания 3/4: Какой оператор используется для условных операторов в Python?
2026-02-05 11:19:18,835 - database_functions.py - config.logger - INFO - Типы: user_id=<class 'int'>, test_id=<class 'int'>, question=<class 'str'>
2026-02-05 11:19:18,835 - database_functions.py - config.logger - ERROR - Вопрос не найден в БД! user_id=123, test_id=6
2026-02-05 11:19:18,835 - database_functions.py - config.logger - INFO - Задание 3/4 успешно проверено
2026-02-05 11:19:18,835 - database_functions.py - config.logger - INFO - Проверка задания 4/4: Какие циклы используются в Python?
2026-02-05 11:19:18,835 - database_functions.py - config.logger - INFO - Типы: user_id=<class 'int'>, test_id=<class 'int'>, question=<class 'str'>
2026-02-05 11:19:18,835 - database_functions.py - config.logger - ERROR - Вопрос не найден в БД! user_id=123, test_id=6
2026-02-05 11:19:18,835 - database_functions.py - config.logger - INFO - Задание 4/4 успешно проверено
2026-02-05 11:19:18,835 - database_functions.py - config.logger - INFO - Тест #6 успешно проверен
2026-02-05 11:25:51,575 - database_functions.py - config.logger - INFO - Начало обработки 4 заданий
2026-02-05 11:25:51,578 - database_functions.py - config.logger - INFO - Создан пользователь #1: Аноним _ 1
2026-02-05 11:25:51,578 - database_functions.py - config.logger - INFO - Добавлен новый пользователь: 1
2026-02-05 11:25:51,579 - database_functions.py - config.logger - INFO - Обработка задания 1/4: Что такое Python?
2026-02-05 11:25:51,579 - database_functions.py - config.logger - INFO - Добавлено задание 1 для теста #1
2026-02-05 11:25:51,579 - database_functions.py - config.logger - INFO - Обработка задания 2/4: Какие типы данных существуют в Python?
2026-02-05 11:25:51,579 - database_functions.py - config.logger - INFO - Добавлено задание 2 для теста #1
2026-02-05 11:25:51,579 - database_functions.py - config.logger - INFO - Обработка задания 3/4: Что делает оператор if в Python?
2026-02-05 11:25:51,579 - database_functions.py - config.logger - INFO - Добавлено задание 3 для теста #1
2026-02-05 11:25:51,579 - database_functions.py - config.logger - INFO - Обработка задания 4/4: Опишите, зачем нужны функции в Python.
2026-02-05 11:25:51,579 - database_functions.py - config.logger - INFO - Добавлено задание 4 для теста #1
2026-02-05 11:25:51,580 - database_functions.py - config.logger - INFO - Тест #1 успешно сохранен в БД (4 вопросов)
2026-02-05 11:25:54,414 - database_functions.py - config.logger - INFO - Начало проверки заданий для теста #1
2026-02-05 11:25:54,415 - database_functions.py - config.logger - INFO - Проверка задания 1/4: Что такое Python?
2026-02-05 11:25:54,415 - database_functions.py - config.logger - INFO - Типы: user_id=<class 'str'>, test_id=<class 'str'>, question=<class 'str'>
2026-02-05 11:25:54,415 - database_functions.py - config.logger - INFO - Задание 1/4 успешно проверено
2026-02-05 11:25:54,415 - database_functions.py - config.logger - INFO - Проверка задания 2/4: Какие типы данных существуют в Python?
2026-02-05 11:25:54,415 - database_functions.py - config.logger - INFO - Типы: user_id=<class 'str'>, test_id=<class 'str'>, question=<class 'str'>
2026-02-05 11:25:54,416 - database_functions.py - config.logger - INFO - Задание 2/4 успешно проверено
2026-02-05 11:25:54,416 - database_functions.py - config.logger - INFO - Проверка задания 3/4: Что делает оператор if в Python?
2026-02-05 11:25:54,416 - database_functions.py - config.logger - INFO - Типы: user_id=<class 'str'>, test_id=<class 'str'>, question=<class 'str'>
2026-02-05 11:25:54,416 - database_functions.py - config.logger - INFO - Задание 3/4 успешно проверено
2026-02-05 11:25:54,416 - database_functions.py - config.logger - INFO - Проверка задания 4/4: Опишите, зачем нужны функции в Python.
2026-02-05 11:25:54,416 - database_functions.py - config.logger - INFO - Типы: user_id=<class 'str'>, test_id=<class 'str'>, question=<class 'str'>
2026-02-05 11:25:54,416 - database_functions.py - config.logger - INFO - Задание 4/4 успешно проверено
2026-02-05 11:25:54,417 - database_functions.py - config.logger - INFO - Тест #1 успешно проверен
2026-02-05 11:35:46,196 - database_functions.py - config.logger - INFO - Начало обработки 3 заданий
2026-02-05 11:35:46,201 - database_functions.py - config.logger - INFO - Создан пользователь #1: Аноним _ 1
2026-02-05 11:35:46,201 - database_functions.py - config.logger - INFO - Добавлен новый пользователь: 1
2026-02-05 11:35:46,201 - database_functions.py - config.logger - INFO - Обработка задания 1/3: Что такое Python?
2026-02-05 11:35:46,201 - database_functions.py - config.logger - INFO - Добавлено задание 1 для теста #1
2026-02-05 11:35:46,201 - database_functions.py - config.logger - INFO - Обработка задания 2/3: Какие типы данных существуют в Python?
2026-02-05 11:35:46,201 - database_functions.py - config.logger - INFO - Добавлено задание 2 для теста #1
2026-02-05 11:35:46,201 - database_functions.py - config.logger - INFO - Обработка задания 3/3: Напишите пример простого выражения на Python
2026-02-05 11:35:46,201 - database_functions.py - config.logger - INFO - Добавлено задание 3 для теста #1
2026-02-05 11:35:46,202 - database_functions.py - config.logger - INFO - Тест #1 успешно сохранен в БД (3 вопросов)
2026-02-05 11:35:48,447 - database_functions.py - config.logger - INFO - Начало проверки заданий для теста #1
2026-02-05 11:35:48,448 - database_functions.py - config.logger - INFO - Проверка задания 1/3: Что такое Python?
2026-02-05 11:35:48,448 - database_functions.py - config.logger - INFO - Типы: user_id=<class 'str'>, test_id=<class 'str'>, question=<class 'str'>
2026-02-05 11:35:48,448 - database_functions.py - config.logger - INFO - Задание 1/3 успешно проверено
2026-02-05 11:35:48,449 - database_functions.py - config.logger - INFO - Проверка задания 2/3: Какие типы данных существуют в Python?
2026-02-05 11:35:48,449 - database_functions.py - config.logger - INFO - Типы: user_id=<class 'str'>, test_id=<class 'str'>, question=<class 'str'>
2026-02-05 11:35:48,449 - database_functions.py - config.logger - INFO - Задание 2/3 успешно проверено
2026-02-05 11:35:48,449 - database_functions.py - config.logger - INFO - Проверка задания 3/3: Напишите пример простого выражения на Python
2026-02-05 11:35:48,449 - database_functions.py - config.logger - INFO - Типы: user_id=<class 'str'>, test_id=<class 'str'>, question=<class 'str'>
2026-02-05 11:35:48,449 - database_functions.py - config.logger - INFO - Задание 3/3 успешно проверено
2026-02-05 11:35:48,450 - database_functions.py - config.logger - INFO - Тест #1 успешно проверен
2026-02-05 13:43:55,882 - database_functions.py - config.logger - INFO - Начало обработки 3 заданий
2026-02-05 13:43:55,887 - database_functions.py - config.logger - INFO - Создан пользователь #1: Аноним _ 1
2026-02-05 13:43:55,887 - database_functions.py - config.logger - INFO - Добавлен новый пользователь: 1
2026-02-05 13:43:55,887 - database_functions.py - config.logger - INFO - Обработка задания 1/3: Что такое Python?
2026-02-05 13:43:55,887 - database_functions.py - config.logger - INFO - Добавлено задание 1 для теста #1
2026-02-05 13:43:55,887 - database_functions.py - config.logger - INFO - Обработка задания 2/3: Какой символ используется в Python для обозначения комментария?
2026-02-05 13:43:55,888 - database_functions.py - config.logger - INFO - Добавлено задание 2 для теста #1
2026-02-05 13:43:55,888 - database_functions.py - config.logger - INFO - Обработка задания 3/3: Какие типы данных существуют в Python?
2026-02-05 13:43:55,888 - database_functions.py - config.logger - INFO - Добавлено задание 3 для теста #1
2026-02-05 13:43:55,888 - database_functions.py - config.logger - INFO - Тест #1 успешно сохранен в БД (3 вопросов)
2026-02-05 13:43:57,964 - database_functions.py - config.logger - INFO - Начало проверки заданий для теста #1
2026-02-05 13:43:57,964 - database_functions.py - config.logger - INFO - Проверка задания 1/3: Что такое Python?
2026-02-05 13:43:57,964 - database_functions.py - config.logger - INFO - Типы: user_id=<class 'int'>, test_id=<class 'int'>, question=<class 'str'>
2026-02-05 13:43:57,965 - database_functions.py - config.logger - INFO - Задание 1/3 успешно проверено
2026-02-05 13:43:57,965 - database_functions.py - config.logger - INFO - Проверка задания 2/3: Какой символ используется в Python для обозначения комментария?
2026-02-05 13:43:57,965 - database_functions.py - config.logger - INFO - Типы: user_id=<class 'int'>, test_id=<class 'int'>, question=<class 'str'>
2026-02-05 13:43:57,966 - database_functions.py - config.logger - INFO - Задание 2/3 успешно проверено
2026-02-05 13:43:57,966 - database_functions.py - config.logger - INFO - Проверка задания 3/3: Какие типы данных существуют в Python?
2026-02-05 13:43:57,966 - database_functions.py - config.logger - INFO - Типы: user_id=<class 'int'>, test_id=<class 'int'>, question=<class 'str'>
2026-02-05 13:43:57,966 - database_functions.py - config.logger - INFO - Задание 3/3 успешно проверено
2026-02-05 13:43:57,967 - database_functions.py - config.logger - INFO - Тест #1 успешно проверен
2026-02-05 13:49:13,677 - database_functions.py - config.logger - INFO - Начало обработки 3 заданий
2026-02-05 13:49:13,681 - database_functions.py - config.logger - INFO - Создан пользователь #2: Аноним _ 2
2026-02-05 13:49:13,682 - database_functions.py - config.logger - INFO - Добавлен новый пользователь: 2
2026-02-05 13:49:13,682 - database_functions.py - config.logger - INFO - Обработка задания 1/3: Что такое Python?
2026-02-05 13:49:13,682 - database_functions.py - config.logger - INFO - Добавлено задание 1 для теста #2
2026-02-05 13:49:13,682 - database_functions.py - config.logger - INFO - Обработка задания 2/3: Какой оператор используется для проверки принадлежности элемента к множеству в Python?
2026-02-05 13:49:13,683 - database_functions.py - config.logger - INFO - Добавлено задание 2 для теста #2
2026-02-05 13:49:13,683 - database_functions.py - config.logger - INFO - Обработка задания 3/3: Напишите пример функции на Python, принимающей два числа и возвращающей их сумму.
2026-02-05 13:49:13,683 - database_functions.py - config.logger - INFO - Добавлено задание 3 для теста #2
2026-02-05 13:49:13,683 - database_functions.py - config.logger - INFO - Тест #2 успешно сохранен в БД (3 вопросов)
2026-02-05 13:49:15,678 - database_functions.py - config.logger - INFO - Начало проверки заданий для теста #2
2026-02-05 13:49:15,678 - database_functions.py - config.logger - INFO - Проверка задания 1/3: Что такое Python?
2026-02-05 13:49:15,679 - database_functions.py - config.logger - INFO - Типы: user_id=<class 'int'>, test_id=<class 'int'>, question=<class 'str'>
2026-02-05 13:49:15,679 - database_functions.py - config.logger - INFO - Задание 1/3 успешно проверено
2026-02-05 13:49:15,679 - database_functions.py - config.logger - INFO - Проверка задания 2/3: Какой оператор используется для проверки принадлежности элемента к множеству в Python?
2026-02-05 13:49:15,679 - database_functions.py - config.logger - INFO - Типы: user_id=<class 'int'>, test_id=<class 'int'>, question=<class 'str'>
2026-02-05 13:49:15,679 - database_functions.py - config.logger - INFO - Задание 2/3 успешно проверено
2026-02-05 13:49:15,679 - database_functions.py - config.logger - INFO - Проверка задания 3/3: Напишите пример функции на Python, принимающей два числа и возвращающей их сумму.
2026-02-05 13:49:15,679 - database_functions.py - config.logger - INFO - Типы: user_id=<class 'int'>, test_id=<class 'int'>, question=<class 'str'>
2026-02-05 13:49:15,680 - database_functions.py - config.logger - INFO - Задание 3/3 успешно проверено
2026-02-05 13:49:15,680 - database_functions.py - config.logger - INFO - Тест #2 успешно проверен
2026-02-05 13:49:19,573 - database_functions.py - config.logger - INFO - Тест #2 успешно добавлен в UserProgress
2026-02-14 12:14:21,050 - database_functions.py - config.logger - INFO - Начало обработки 3 заданий
2026-02-14 12:14:21,054 - database_functions.py - config.logger - INFO - Обработка задания 1/3: Что такое Python?
2026-02-14 12:14:21,055 - database_functions.py - config.logger - INFO - Добавлено задание 1 для теста #1
2026-02-14 12:14:21,055 - database_functions.py - config.logger - INFO - Обработка задания 2/3: Какие типы данных существуют в Python?
2026-02-14 12:14:21,055 - database_functions.py - config.logger - INFO - Добавлено задание 2 для теста #1
2026-02-14 12:14:21,055 - database_functions.py - config.logger - INFO - Обработка задания 3/3: Напишите пример простого скрипта на Python, выводящего приветствие.
2026-02-14 12:14:21,055 - database_functions.py - config.logger - INFO - Добавлено задание 3 для теста #1
2026-02-14 12:14:21,056 - database_functions.py - config.logger - INFO - Тест #1 успешно сохранен в БД (3 вопросов)
2026-02-14 12:19:48,495 - database_functions.py - config.logger - INFO - Начало обработки 3 заданий
2026-02-14 12:19:48,497 - database_functions.py - config.logger - INFO - Обработка задания 1/3: Что такое Python?
2026-02-14 12:19:48,499 - database_functions.py - config.logger - INFO - Добавлено задание 1 для теста #2
2026-02-14 12:19:48,499 - database_functions.py - config.logger - INFO - Обработка задания 2/3: Какие типы данных существуют в Python?
2026-02-14 12:19:48,499 - database_functions.py - config.logger - INFO - Добавлено задание 2 для теста #2
2026-02-14 12:19:48,499 - database_functions.py - config.logger - INFO - Обработка задания 3/3: Напишите пример простого скрипта на Python, выводящего приветствие.
2026-02-14 12:19:48,499 - database_functions.py - config.logger - INFO - Добавлено задание 3 для теста #2
2026-02-14 12:19:48,500 - database_functions.py - config.logger - INFO - Тест #2 успешно сохранен в БД (3 вопросов)
2026-02-14 12:19:51,566 - database_functions.py - config.logger - INFO - Начало проверки заданий для теста #2
2026-02-14 12:19:51,566 - database_functions.py - config.logger - INFO - Проверка задания 1/3: Что такое Python?
2026-02-14 12:19:51,567 - database_functions.py - config.logger - INFO - Типы: user_id=<class 'str'>, test_id=<class 'str'>, question=<class 'str'>
2026-02-14 12:19:51,568 - database_functions.py - config.logger - INFO - Задание 1/3 успешно проверено
2026-02-14 12:19:51,568 - database_functions.py - config.logger - INFO - Проверка задания 2/3: Какие типы данных существуют в Python?
2026-02-14 12:19:51,568 - database_functions.py - config.logger - INFO - Типы: user_id=<class 'str'>, test_id=<class 'str'>, question=<class 'str'>
2026-02-14 12:19:51,568 - database_functions.py - config.logger - INFO - Задание 2/3 успешно проверено
2026-02-14 12:19:51,568 - database_functions.py - config.logger - INFO - Проверка задания 3/3: Напишите пример простого скрипта на Python, выводящего приветствие.
2026-02-14 12:19:51,568 - database_functions.py - config.logger - INFO - Типы: user_id=<class 'str'>, test_id=<class 'str'>, question=<class 'str'>
2026-02-14 12:19:51,568 - database_functions.py - config.logger - INFO - Задание 3/3 успешно проверено
2026-02-14 12:19:51,569 - database_functions.py - config.logger - INFO - Тест #2 успешно проверен
2026-02-14 12:19:54,047 - database_functions.py - config.logger - INFO - Тест #2 успешно добавлен в UserProgress
2026-02-19 11:59:25,650 - database_functions.py - config.logger - INFO - Начало обработки 3 заданий
2026-02-19 11:59:25,653 - database_functions.py - config.logger - INFO - Обработка задания 1/3: Что такое Python?
2026-02-19 11:59:25,654 - database_functions.py - config.logger - INFO - Добавлено задание 1 для теста #3
2026-02-19 11:59:25,654 - database_functions.py - config.logger - INFO - Обработка задания 2/3: Какие типы данных существуют в Python?
2026-02-19 11:59:25,654 - database_functions.py - config.logger - INFO - Добавлено задание 2 для теста #3
2026-02-19 11:59:25,654 - database_functions.py - config.logger - INFO - Обработка задания 3/3: Напишите пример простого выражения на Python.
2026-02-19 11:59:25,654 - database_functions.py - config.logger - INFO - Добавлено задание 3 для теста #3
2026-02-19 11:59:25,655 - database_functions.py - config.logger - INFO - Тест #3 успешно сохранен в БД (3 вопросов)
2026-02-19 11:59:28,009 - database_functions.py - config.logger - INFO - Начало проверки заданий для теста #3
2026-02-19 11:59:28,010 - database_functions.py - config.logger - INFO - Проверка задания 1/3: Что такое Python?
2026-02-19 11:59:28,010 - database_functions.py - config.logger - INFO - Типы: user_id=<class 'str'>, test_id=<class 'str'>, question=<class 'str'>
2026-02-19 11:59:28,011 - database_functions.py - config.logger - INFO - Задание 1/3 успешно проверено
2026-02-19 11:59:28,011 - database_functions.py - config.logger - INFO - Проверка задания 2/3: Какие типы данных существуют в Python?
2026-02-19 11:59:28,011 - database_functions.py - config.logger - INFO - Типы: user_id=<class 'str'>, test_id=<class 'str'>, question=<class 'str'>
2026-02-19 11:59:28,011 - database_functions.py - config.logger - INFO - Задание 2/3 успешно проверено
2026-02-19 11:59:28,011 - database_functions.py - config.logger - INFO - Проверка задания 3/3: Напишите пример простого выражения на Python.
2026-02-19 11:59:28,011 - database_functions.py - config.logger - INFO - Типы: user_id=<class 'str'>, test_id=<class 'str'>, question=<class 'str'>
2026-02-19 11:59:28,011 - database_functions.py - config.logger - INFO - Задание 3/3 успешно проверено
2026-02-19 11:59:28,012 - database_functions.py - config.logger - INFO - Тест #3 успешно проверен
2026-02-19 11:59:31,078 - database_functions.py - config.logger - INFO - Тест #3 успешно добавлен в UserProgress
